
              @@@@ @                                  @             
             @    @@                                 @@@            
            @@     @                                  @             
            @@@          @@@     @@@@    @@@ @@@          @@@ @@@   
             @@@@      @@   @@  @@   @    @@@  @@  @@@@    @@@   @  
               @@@@   @@     @  @@   @@   @@    @@   @@    @@    @@ 
                 @@@  @@          @@@@@   @@    @@   @@    @@    @@ 
            @      @@ @@        @@   @@   @@    @@   @@    @@    @@ 
            @@     @@ @@     @ @@    @@   @@    @@   @@    @@    @@ 
            @@@    @   @@   @@ @@   @@@   @@@  @@    @@    @@    @@ 
            @  @@@@      @@@    @@@@  @@  @@ @@@   @@@@@@ @@@@  @@@@
                                          @@                        
                                         @@@@                       

                               SCAn Path INsertion

                   Alliance CAD System 5.0,         scapin 5.0
                   Copyright (c) 2000-2018,     ASIM/LIP6/UPMC
                   Author(s):                  Ludovic Jacomme
                   Contributor(s):             Ilhem Kazi Tani
                   E-mail        : alliance-users@asim.lip6.fr

	--> Parse parameter file /usr/etc/sxlib.scapin
