
                                      @@@@           
                                     @   @@          
                                    @@    @@         
                            @@@@@@  @@@   @@ @@@ @@@ 
                           @@    @   @   @@   @@@  @@
                           @@@           @    @@   @@
                            @@@@        @     @@     
                              @@@@     @      @@     
                           @    @@@   @    @  @@     
                           @@    @@  @@@@@@   @@     
                           @ @@@@@  @@@@@@@  @@@@    

                        Symbolic to Real layout converter

                   Alliance CAD System 5.0 20090901,   s2r 5.0
                   Copyright (c) 2002-2018,     ASIM/LIP6/UPMC
                   E-mail        : alliance-users@asim.lip6.fr


	o loading technology file : ./techno/techno-035.rds
	o loading all level of symbolic layout : stateo_l_scan
	o removing symbolic data structure 
	o layout post-treating
 		with top connectors,
 		with sub connectors,
 		with signal names,
 		without scotch.
	--> post-treating model a2_x2
	    rectangle merging : 
	    . RDS_NWELL .................................
	    . RDS_PWELL .................................
	    . RDS_NIMP .................................
	    . RDS_PIMP .................................
	    . RDS_ACTIV .................................
	    . RDS_POLY .................................
	    . RDS_ALU1 .................................
	--> post-treating model o3_x2
	    rectangle merging : 
	    . RDS_NWELL .................................
	    . RDS_PWELL .................................
	    . RDS_NIMP .................................
	    . RDS_PIMP .................................
	    . RDS_ACTIV .................................
	    . RDS_POLY .................................
	    . RDS_ALU1 .................................
	--> post-treating model o2_x2
	    rectangle merging : 
	    . RDS_NWELL .................................
	    . RDS_PWELL .................................
	    . RDS_NIMP .................................
	    . RDS_PIMP .................................
	    . RDS_ACTIV .................................
	    . RDS_POLY .................................
	    . RDS_ALU1 .................................
	--> post-treating model inv_x2
	    rectangle merging : 
	    . RDS_NWELL .................................
	    . RDS_PWELL .................................
	    . RDS_NIMP .................................
	    . RDS_PIMP .................................
	    . RDS_ACTIV .................................
	    . RDS_POLY .................................
	    . RDS_ALU1 .................................
	--> post-treating model inv_x4
	    rectangle merging : 
	    . RDS_NWELL .................................
	    . RDS_PWELL .................................
	    . RDS_NIMP .................................
	    . RDS_PIMP .................................
	    . RDS_ACTIV .................................
	    . RDS_POLY .................................
	    . RDS_ALU1 .................................
	--> post-treating model buf_x2
	    rectangle merging : 
	    . RDS_NWELL .................................
	    . RDS_PWELL .................................
	    . RDS_NIMP .................................
	    . RDS_PIMP .................................
	    . RDS_ACTIV .................................
	    . RDS_POLY .................................
	    . RDS_ALU1 .................................
	--> post-treating model ao22_x2
	    rectangle merging : 
	    . RDS_NWELL .................................
	    . RDS_PWELL .................................
	    . RDS_NIMP .................................
	    . RDS_PIMP .................................
	    . RDS_ACTIV .................................
	    . RDS_POLY .................................
	    . RDS_ALU1 .................................
	--> post-treating model na2_x1
	    rectangle merging : 
	    . RDS_NWELL .................................
	    . RDS_PWELL .................................
	    . RDS_NIMP .................................
	    . RDS_PIMP .................................
	    . RDS_ACTIV .................................
	    . RDS_POLY .................................
	    . RDS_ALU1 .................................
	--> post-treating model no3_x1
	    rectangle merging : 
	    . RDS_NWELL .................................
	    . RDS_PWELL .................................
	    . RDS_NIMP .................................
	    . RDS_PIMP .................................
	    . RDS_ACTIV .................................
	    . RDS_POLY .................................
	    . RDS_ALU1 .................................
	--> post-treating model na3_x1
	    rectangle merging : 
	    . RDS_NWELL .................................
	    . RDS_PWELL .................................
	    . RDS_NIMP .................................
	    . RDS_PIMP .................................
	    . RDS_ACTIV .................................
	    . RDS_POLY .................................
	    . RDS_ALU1 .................................
	--> post-treating model sff2_x4
	    rectangle merging : 
	    . RDS_NWELL .................................
	    . RDS_PWELL .................................
	    . RDS_NIMP .................................
	    . RDS_PIMP .................................
	    . RDS_ACTIV .................................
	    . RDS_POLY .................................
	    . RDS_ALU1 .................................
	--> post-treating model no2_x1
	    rectangle merging : 
	    . RDS_NWELL .................................
	    . RDS_PWELL .................................
	    . RDS_NIMP .................................
	    . RDS_PIMP .................................
	    . RDS_ACTIV .................................
	    . RDS_POLY .................................
	    . RDS_ALU1 .................................
	--> post-treating model oa22_x2
	    rectangle merging : 
	    . RDS_NWELL .................................
	    . RDS_PWELL .................................
	    . RDS_NIMP .................................
	    . RDS_PIMP .................................
	    . RDS_ACTIV .................................
	    . RDS_POLY .................................
	    . RDS_ALU1 .................................
	--> post-treating model on12_x1
	    rectangle merging : 
	    . RDS_NWELL .................................
	    . RDS_PWELL .................................
	    . RDS_NIMP .................................
	    . RDS_PIMP .................................
	    . RDS_ACTIV .................................
	    . RDS_POLY .................................
	    . RDS_ALU1 .................................
	--> post-treating model an12_x1
	    rectangle merging : 
	    . RDS_NWELL .................................
	    . RDS_PWELL .................................
	    . RDS_NIMP .................................
	    . RDS_PIMP .................................
	    . RDS_ACTIV .................................
	    . RDS_POLY .................................
	    . RDS_ALU1 .................................
	--> post-treating model a3_x2
	    rectangle merging : 
	    . RDS_NWELL .................................
	    . RDS_PWELL .................................
	    . RDS_NIMP .................................
	    . RDS_PIMP .................................
	    . RDS_ACTIV .................................
	    . RDS_POLY .................................
	    . RDS_ALU1 .................................
	--> post-treating model xr2_x1
	    rectangle merging : 
	    . RDS_NWELL .................................
	    . RDS_PWELL .................................
	    . RDS_NIMP .................................
	    . RDS_PIMP .................................
	    . RDS_ACTIV .................................
	    . RDS_POLY .................................
	    . RDS_ALU1 .................................
	--> post-treating model oa2a22_x2
	    rectangle merging : 
	    . RDS_NWELL .................................
	    . RDS_PWELL .................................
	    . RDS_NIMP .................................
	    . RDS_PIMP .................................
	    . RDS_ACTIV .................................
	    . RDS_POLY .................................
	    . RDS_ALU1 .................................
	--> post-treating model noa22_x1
	    rectangle merging : 
	    . RDS_NWELL .................................
	    . RDS_PWELL .................................
	    . RDS_NIMP .................................
	    . RDS_PIMP .................................
	    . RDS_ACTIV .................................
	    . RDS_POLY .................................
	    . RDS_ALU1 .................................
	--> post-treating model o4_x2
	    rectangle merging : 
	    . RDS_NWELL .................................
	    . RDS_PWELL .................................
	    . RDS_NIMP .................................
	    . RDS_PIMP .................................
	    . RDS_ACTIV .................................
	    . RDS_POLY .................................
	    . RDS_ALU1 .................................
	--> post-treating model nao22_x1
	    rectangle merging : 
	    . RDS_NWELL .................................
	    . RDS_PWELL .................................
	    . RDS_NIMP .................................
	    . RDS_PIMP .................................
	    . RDS_ACTIV .................................
	    . RDS_POLY .................................
	    . RDS_ALU1 .................................
	--> post-treating model noa2ao222_x1
	    rectangle merging : 
	    . RDS_NWELL .................................
	    . RDS_PWELL .................................
	    . RDS_NIMP .................................
	    . RDS_PIMP .................................
	    . RDS_ACTIV .................................
	    . RDS_POLY .................................
	    . RDS_ALU1 .................................
	--> post-treating model tie_x0
	    rectangle merging : 
	    . RDS_NWELL .................................
	    . RDS_PWELL .................................
	    . RDS_NIMP .................................
	    . RDS_PIMP .................................
	    . RDS_ACTIV .................................
	    . RDS_ALU1 .................................
	--> post-treating model rowend_x0
	    rectangle merging : 
	    . RDS_NWELL .................................
	    . RDS_ALU1 .................................
	--> post-treating model stateo_l_scan
	    ring flattenning  : 
	    . RDS_NWELL .................................
	    . RDS_NIMP .................................
	    . RDS_PIMP .................................
	    . RDS_ACTIV .................................
	    . RDS_POLY .................................
	    rectangle merging : 
	    . RDS_NWELL .................................
	    . RDS_NIMP .................................
	    . RDS_PIMP .................................
	    . RDS_ACTIV .................................
	    . RDS_POLY .................................
	    . RDS_ALU1 .................................
	    . RDS_ALU2 .................................
	    . RDS_ALU3 .................................
	o saving stateo_l_scan.cif
	o memory allocation informations
	--> required rectangles = 7115  really allocated = 333
	--> Number of allocated bytes: 233860
